[0.057s] Invoking command in '/home/darren/Documents/cf_swarm/ros2_ws/build/motion_capture_tracking_interfaces': CONDA_PROMPT_MODIFIER=(base) /usr/bin/cmake --build /home/darren/Documents/cf_swarm/ros2_ws/build/motion_capture_tracking_interfaces -- -j16 -l16
[0.097s] -- Found ament_cmake: 2.0.3 (/opt/ros/iron/share/ament_cmake/cmake)
[0.264s] Traceback (most recent call last):
[0.264s]   File "/opt/ros/iron/share/ament_cmake_core/cmake/package_templates/templates_2_cmake.py", line 21, in <module>
[0.264s]     from ament_package.templates import get_environment_hook_template_path
[0.265s] ModuleNotFoundError: No module named 'ament_package'
[0.275s] [31mCMake Error at /opt/ros/iron/share/ament_cmake_core/cmake/ament_cmake_package_templates-extras.cmake:41 (message):
[0.275s]   execute_process(/usr/bin/python3.10
[0.276s]   /opt/ros/iron/share/ament_cmake_core/cmake/package_templates/templates_2_cmake.py
[0.276s]   /home/darren/Documents/cf_swarm/ros2_ws/build/motion_capture_tracking_interfaces/ament_cmake_package_templates/templates.cmake)
[0.276s]   returned error code 1
[0.276s] Call Stack (most recent call first):
[0.276s]   /opt/ros/iron/share/ament_cmake_core/cmake/ament_cmake_coreConfig.cmake:41 (include)
[0.276s]   /opt/ros/iron/share/ament_cmake/cmake/ament_cmake_export_dependencies-extras.cmake:15 (find_package)
[0.276s]   /opt/ros/iron/share/ament_cmake/cmake/ament_cmakeConfig.cmake:41 (include)
[0.276s]   CMakeLists.txt:13 (find_package)
[0.276s] 
[0.276s] [0m
[0.276s] -- Configuring incomplete, errors occurred!
[0.276s] See also "/home/darren/Documents/cf_swarm/ros2_ws/build/motion_capture_tracking_interfaces/CMakeFiles/CMakeOutput.log".
[0.282s] gmake: *** [Makefile:1085: cmake_check_build_system] Error 1
[0.285s] Invoked command in '/home/darren/Documents/cf_swarm/ros2_ws/build/motion_capture_tracking_interfaces' returned '2': CONDA_PROMPT_MODIFIER=(base) /usr/bin/cmake --build /home/darren/Documents/cf_swarm/ros2_ws/build/motion_capture_tracking_interfaces -- -j16 -l16
